The system is: Linux - 3.10.0-693.el7.x86_64 - x86_64
Compiling the CXX compiler identification source file "CMakeCXXCompilerId.cpp" succeeded.
Compiler: /opt/sw/x86_64/glibc-2.17/ivybridge-ep/gcc/5.3.0/bin/g++ 
Build flags: 
Id flags: 

The output was:
0


Compilation of the CXX compiler identification source "CMakeCXXCompilerId.cpp" produced "a.out"

The CXX compiler identification is GNU, found in "/home/lv70977/veie/HPX_project/cluster/2D_stencil/build/CMakeFiles/3.6.2/CompilerIdCXX/a.out"

Determining if the CXX compiler works passed with the following output:
Change Dir: /home/lv70977/veie/HPX_project/cluster/2D_stencil/build/CMakeFiles/CMakeTmp

Run Build Command:"/bin/gmake" "cmTC_b95c1/fast"
/bin/gmake -f CMakeFiles/cmTC_b95c1.dir/build.make CMakeFiles/cmTC_b95c1.dir/build
gmake[1]: Entering directory `/home/lv70977/veie/HPX_project/cluster/2D_stencil/build/CMakeFiles/CMakeTmp'
Building CXX object CMakeFiles/cmTC_b95c1.dir/testCXXCompiler.cxx.o
/opt/sw/x86_64/glibc-2.17/ivybridge-ep/gcc/5.3.0/bin/g++      -o CMakeFiles/cmTC_b95c1.dir/testCXXCompiler.cxx.o -c /home/lv70977/veie/HPX_project/cluster/2D_stencil/build/CMakeFiles/CMakeTmp/testCXXCompiler.cxx
Linking CXX executable cmTC_b95c1
/opt/sw/x86_64/glibc-2.17/ivybridge-ep/cmake/3.6.2/gcc/5.3/bin/cmake -E cmake_link_script CMakeFiles/cmTC_b95c1.dir/link.txt --verbose=1
/opt/sw/x86_64/glibc-2.17/ivybridge-ep/gcc/5.3.0/bin/g++        CMakeFiles/cmTC_b95c1.dir/testCXXCompiler.cxx.o  -o cmTC_b95c1 -rdynamic 
gmake[1]: Leaving directory `/home/lv70977/veie/HPX_project/cluster/2D_stencil/build/CMakeFiles/CMakeTmp'


Detecting CXX compiler ABI info compiled with the following output:
Change Dir: /home/lv70977/veie/HPX_project/cluster/2D_stencil/build/CMakeFiles/CMakeTmp

Run Build Command:"/bin/gmake" "cmTC_8ccf0/fast"
/bin/gmake -f CMakeFiles/cmTC_8ccf0.dir/build.make CMakeFiles/cmTC_8ccf0.dir/build
gmake[1]: Entering directory `/home/lv70977/veie/HPX_project/cluster/2D_stencil/build/CMakeFiles/CMakeTmp'
Building CXX object CMakeFiles/cmTC_8ccf0.dir/CMakeCXXCompilerABI.cpp.o
/opt/sw/x86_64/glibc-2.17/ivybridge-ep/gcc/5.3.0/bin/g++      -o CMakeFiles/cmTC_8ccf0.dir/CMakeCXXCompilerABI.cpp.o -c /opt/sw/x86_64/glibc-2.17/ivybridge-ep/cmake/3.6.2/gcc/5.3/share/cmake-3.6/Modules/CMakeCXXCompilerABI.cpp
Linking CXX executable cmTC_8ccf0
/opt/sw/x86_64/glibc-2.17/ivybridge-ep/cmake/3.6.2/gcc/5.3/bin/cmake -E cmake_link_script CMakeFiles/cmTC_8ccf0.dir/link.txt --verbose=1
/opt/sw/x86_64/glibc-2.17/ivybridge-ep/gcc/5.3.0/bin/g++       -v CMakeFiles/cmTC_8ccf0.dir/CMakeCXXCompilerABI.cpp.o  -o cmTC_8ccf0 -rdynamic  
Using built-in specs.
COLLECT_GCC=/opt/sw/x86_64/glibc-2.17/ivybridge-ep/gcc/5.3.0/bin/g++
COLLECT_LTO_WRAPPER=/opt/sw/x86_64/glibc-2.17/ivybridge-ep/gcc/5.3.0/libexec/gcc/x86_64-unknown-linux-gnu/5.3.0/lto-wrapper
Target: x86_64-unknown-linux-gnu
Configured with: ./configure --prefix=/opt/sw/x86_64/glibc-2.17/ivybridge-ep/gcc/5.3.0/ --enable-shared --disable-multilib
Thread model: posix
gcc version 5.3.0 (GCC) 
COMPILER_PATH=/opt/sw/x86_64/glibc-2.17/ivybridge-ep/gcc/5.3.0/libexec/gcc/x86_64-unknown-linux-gnu/5.3.0/:/opt/sw/x86_64/glibc-2.17/ivybridge-ep/gcc/5.3.0/libexec/gcc/x86_64-unknown-linux-gnu/5.3.0/:/opt/sw/x86_64/glibc-2.17/ivybridge-ep/gcc/5.3.0/libexec/gcc/x86_64-unknown-linux-gnu/:/opt/sw/x86_64/glibc-2.17/ivybridge-ep/gcc/5.3.0/lib/gcc/x86_64-unknown-linux-gnu/5.3.0/:/opt/sw/x86_64/glibc-2.17/ivybridge-ep/gcc/5.3.0/lib/gcc/x86_64-unknown-linux-gnu/
LIBRARY_PATH=/lib64/../lib64/:/lib/../lib64/:/opt/sw/x86_64/glibc-2.17/ivybridge-ep/gcc/5.3.0//lib64/../lib64/:/opt/sw/x86_64/glibc-2.17/ivybridge-ep/gcc/5.3.0//lib/../lib64/:/opt/sw/x86_64/glibc-2.17/ivybridge-ep/gcc/5.3.0/lib/gcc/x86_64-unknown-linux-gnu/5.3.0/:/opt/sw/x86_64/glibc-2.17/ivybridge-ep/gcc/5.3.0/lib/gcc/x86_64-unknown-linux-gnu/5.3.0/../../../../lib64/:/lib/../lib64/:/usr/lib/../lib64/:/opt/sw/x86_64/glibc-2.17/ivybridge-ep/boost/1.62.0/gcc/5.3/mpioff/1.0/python/3.4/lib/:/opt/sw/x86_64/glibc-2.17/ivybridge-ep/python/3.4.2/gcc/5.3/lib/:/lib64/:/lib/:/opt/sw/x86_64/glibc-2.17/ivybridge-ep/gcc/5.3.0//lib64/:/opt/sw/x86_64/glibc-2.17/ivybridge-ep/gcc/5.3.0//lib/:/opt/slurm/current/lib/:/opt/slurm/current/lib/slurm/:/opt/sw/x86_64/glibc-2.17/ivybridge-ep/gcc/5.3.0/lib/gcc/x86_64-unknown-linux-gnu/5.3.0/../../../:/lib/:/usr/lib/
COLLECT_GCC_OPTIONS='-v' '-o' 'cmTC_8ccf0' '-rdynamic' '-shared-libgcc' '-mtune=generic' '-march=x86-64'
 /opt/sw/x86_64/glibc-2.17/ivybridge-ep/gcc/5.3.0/libexec/gcc/x86_64-unknown-linux-gnu/5.3.0/collect2 -plugin /opt/sw/x86_64/glibc-2.17/ivybridge-ep/gcc/5.3.0/libexec/gcc/x86_64-unknown-linux-gnu/5.3.0/liblto_plugin.so -plugin-opt=/opt/sw/x86_64/glibc-2.17/ivybridge-ep/gcc/5.3.0/libexec/gcc/x86_64-unknown-linux-gnu/5.3.0/lto-wrapper -plugin-opt=-fresolution=/tmp/ccdPlgdY.res -plugin-opt=-pass-through=-lgcc_s -plugin-opt=-pass-through=-lgcc -plugin-opt=-pass-through=-lc -plugin-opt=-pass-through=-lgcc_s -plugin-opt=-pass-through=-lgcc --eh-frame-hdr -m elf_x86_64 -export-dynamic -dynamic-linker /lib64/ld-linux-x86-64.so.2 -o cmTC_8ccf0 /lib64/../lib64/crt1.o /lib64/../lib64/crti.o /opt/sw/x86_64/glibc-2.17/ivybridge-ep/gcc/5.3.0/lib/gcc/x86_64-unknown-linux-gnu/5.3.0/crtbegin.o -L/lib64/../lib64 -L/lib/../lib64 -L/opt/sw/x86_64/glibc-2.17/ivybridge-ep/gcc/5.3.0//lib64/../lib64 -L/opt/sw/x86_64/glibc-2.17/ivybridge-ep/gcc/5.3.0//lib/../lib64 -L/opt/sw/x86_64/glibc-2.17/ivybridge-ep/gcc/5.3.0/lib/gcc/x86_64-unknown-linux-gnu/5.3.0 -L/opt/sw/x86_64/glibc-2.17/ivybridge-ep/gcc/5.3.0/lib/gcc/x86_64-unknown-linux-gnu/5.3.0/../../../../lib64 -L/lib/../lib64 -L/usr/lib/../lib64 -L/opt/sw/x86_64/glibc-2.17/ivybridge-ep/boost/1.62.0/gcc/5.3/mpioff/1.0/python/3.4/lib -L/opt/sw/x86_64/glibc-2.17/ivybridge-ep/python/3.4.2/gcc/5.3/lib -L/lib64 -L/opt/sw/x86_64/glibc-2.17/ivybridge-ep/gcc/5.3.0//lib64 -L/opt/sw/x86_64/glibc-2.17/ivybridge-ep/gcc/5.3.0//lib -L/opt/slurm/current/lib -L/opt/slurm/current/lib/slurm -L/opt/sw/x86_64/glibc-2.17/ivybridge-ep/gcc/5.3.0/lib/gcc/x86_64-unknown-linux-gnu/5.3.0/../../.. CMakeFiles/cmTC_8ccf0.dir/CMakeCXXCompilerABI.cpp.o -lstdc++ -lm -lgcc_s -lgcc -lc -lgcc_s -lgcc /opt/sw/x86_64/glibc-2.17/ivybridge-ep/gcc/5.3.0/lib/gcc/x86_64-unknown-linux-gnu/5.3.0/crtend.o /lib64/../lib64/crtn.o
gmake[1]: Leaving directory `/home/lv70977/veie/HPX_project/cluster/2D_stencil/build/CMakeFiles/CMakeTmp'


Parsed CXX implicit link information from above output:
  link line regex: [^( *|.*[/\])(ld|([^/\]+-)?ld|collect2)[^/\]*( |$)]
  ignore line: [Change Dir: /home/lv70977/veie/HPX_project/cluster/2D_stencil/build/CMakeFiles/CMakeTmp]
  ignore line: []
  ignore line: [Run Build Command:"/bin/gmake" "cmTC_8ccf0/fast"]
  ignore line: [/bin/gmake -f CMakeFiles/cmTC_8ccf0.dir/build.make CMakeFiles/cmTC_8ccf0.dir/build]
  ignore line: [gmake[1]: Entering directory `/home/lv70977/veie/HPX_project/cluster/2D_stencil/build/CMakeFiles/CMakeTmp']
  ignore line: [Building CXX object CMakeFiles/cmTC_8ccf0.dir/CMakeCXXCompilerABI.cpp.o]
  ignore line: [/opt/sw/x86_64/glibc-2.17/ivybridge-ep/gcc/5.3.0/bin/g++      -o CMakeFiles/cmTC_8ccf0.dir/CMakeCXXCompilerABI.cpp.o -c /opt/sw/x86_64/glibc-2.17/ivybridge-ep/cmake/3.6.2/gcc/5.3/share/cmake-3.6/Modules/CMakeCXXCompilerABI.cpp]
  ignore line: [Linking CXX executable cmTC_8ccf0]
  ignore line: [/opt/sw/x86_64/glibc-2.17/ivybridge-ep/cmake/3.6.2/gcc/5.3/bin/cmake -E cmake_link_script CMakeFiles/cmTC_8ccf0.dir/link.txt --verbose=1]
  ignore line: [/opt/sw/x86_64/glibc-2.17/ivybridge-ep/gcc/5.3.0/bin/g++       -v CMakeFiles/cmTC_8ccf0.dir/CMakeCXXCompilerABI.cpp.o  -o cmTC_8ccf0 -rdynamic  ]
  ignore line: [Using built-in specs.]
  ignore line: [COLLECT_GCC=/opt/sw/x86_64/glibc-2.17/ivybridge-ep/gcc/5.3.0/bin/g++]
  ignore line: [COLLECT_LTO_WRAPPER=/opt/sw/x86_64/glibc-2.17/ivybridge-ep/gcc/5.3.0/libexec/gcc/x86_64-unknown-linux-gnu/5.3.0/lto-wrapper]
  ignore line: [Target: x86_64-unknown-linux-gnu]
  ignore line: [Configured with: ./configure --prefix=/opt/sw/x86_64/glibc-2.17/ivybridge-ep/gcc/5.3.0/ --enable-shared --disable-multilib]
  ignore line: [Thread model: posix]
  ignore line: [gcc version 5.3.0 (GCC) ]
  ignore line: [COMPILER_PATH=/opt/sw/x86_64/glibc-2.17/ivybridge-ep/gcc/5.3.0/libexec/gcc/x86_64-unknown-linux-gnu/5.3.0/:/opt/sw/x86_64/glibc-2.17/ivybridge-ep/gcc/5.3.0/libexec/gcc/x86_64-unknown-linux-gnu/5.3.0/:/opt/sw/x86_64/glibc-2.17/ivybridge-ep/gcc/5.3.0/libexec/gcc/x86_64-unknown-linux-gnu/:/opt/sw/x86_64/glibc-2.17/ivybridge-ep/gcc/5.3.0/lib/gcc/x86_64-unknown-linux-gnu/5.3.0/:/opt/sw/x86_64/glibc-2.17/ivybridge-ep/gcc/5.3.0/lib/gcc/x86_64-unknown-linux-gnu/]
  ignore line: [LIBRARY_PATH=/lib64/../lib64/:/lib/../lib64/:/opt/sw/x86_64/glibc-2.17/ivybridge-ep/gcc/5.3.0//lib64/../lib64/:/opt/sw/x86_64/glibc-2.17/ivybridge-ep/gcc/5.3.0//lib/../lib64/:/opt/sw/x86_64/glibc-2.17/ivybridge-ep/gcc/5.3.0/lib/gcc/x86_64-unknown-linux-gnu/5.3.0/:/opt/sw/x86_64/glibc-2.17/ivybridge-ep/gcc/5.3.0/lib/gcc/x86_64-unknown-linux-gnu/5.3.0/../../../../lib64/:/lib/../lib64/:/usr/lib/../lib64/:/opt/sw/x86_64/glibc-2.17/ivybridge-ep/boost/1.62.0/gcc/5.3/mpioff/1.0/python/3.4/lib/:/opt/sw/x86_64/glibc-2.17/ivybridge-ep/python/3.4.2/gcc/5.3/lib/:/lib64/:/lib/:/opt/sw/x86_64/glibc-2.17/ivybridge-ep/gcc/5.3.0//lib64/:/opt/sw/x86_64/glibc-2.17/ivybridge-ep/gcc/5.3.0//lib/:/opt/slurm/current/lib/:/opt/slurm/current/lib/slurm/:/opt/sw/x86_64/glibc-2.17/ivybridge-ep/gcc/5.3.0/lib/gcc/x86_64-unknown-linux-gnu/5.3.0/../../../:/lib/:/usr/lib/]
  ignore line: [COLLECT_GCC_OPTIONS='-v' '-o' 'cmTC_8ccf0' '-rdynamic' '-shared-libgcc' '-mtune=generic' '-march=x86-64']
  link line: [ /opt/sw/x86_64/glibc-2.17/ivybridge-ep/gcc/5.3.0/libexec/gcc/x86_64-unknown-linux-gnu/5.3.0/collect2 -plugin /opt/sw/x86_64/glibc-2.17/ivybridge-ep/gcc/5.3.0/libexec/gcc/x86_64-unknown-linux-gnu/5.3.0/liblto_plugin.so -plugin-opt=/opt/sw/x86_64/glibc-2.17/ivybridge-ep/gcc/5.3.0/libexec/gcc/x86_64-unknown-linux-gnu/5.3.0/lto-wrapper -plugin-opt=-fresolution=/tmp/ccdPlgdY.res -plugin-opt=-pass-through=-lgcc_s -plugin-opt=-pass-through=-lgcc -plugin-opt=-pass-through=-lc -plugin-opt=-pass-through=-lgcc_s -plugin-opt=-pass-through=-lgcc --eh-frame-hdr -m elf_x86_64 -export-dynamic -dynamic-linker /lib64/ld-linux-x86-64.so.2 -o cmTC_8ccf0 /lib64/../lib64/crt1.o /lib64/../lib64/crti.o /opt/sw/x86_64/glibc-2.17/ivybridge-ep/gcc/5.3.0/lib/gcc/x86_64-unknown-linux-gnu/5.3.0/crtbegin.o -L/lib64/../lib64 -L/lib/../lib64 -L/opt/sw/x86_64/glibc-2.17/ivybridge-ep/gcc/5.3.0//lib64/../lib64 -L/opt/sw/x86_64/glibc-2.17/ivybridge-ep/gcc/5.3.0//lib/../lib64 -L/opt/sw/x86_64/glibc-2.17/ivybridge-ep/gcc/5.3.0/lib/gcc/x86_64-unknown-linux-gnu/5.3.0 -L/opt/sw/x86_64/glibc-2.17/ivybridge-ep/gcc/5.3.0/lib/gcc/x86_64-unknown-linux-gnu/5.3.0/../../../../lib64 -L/lib/../lib64 -L/usr/lib/../lib64 -L/opt/sw/x86_64/glibc-2.17/ivybridge-ep/boost/1.62.0/gcc/5.3/mpioff/1.0/python/3.4/lib -L/opt/sw/x86_64/glibc-2.17/ivybridge-ep/python/3.4.2/gcc/5.3/lib -L/lib64 -L/opt/sw/x86_64/glibc-2.17/ivybridge-ep/gcc/5.3.0//lib64 -L/opt/sw/x86_64/glibc-2.17/ivybridge-ep/gcc/5.3.0//lib -L/opt/slurm/current/lib -L/opt/slurm/current/lib/slurm -L/opt/sw/x86_64/glibc-2.17/ivybridge-ep/gcc/5.3.0/lib/gcc/x86_64-unknown-linux-gnu/5.3.0/../../.. CMakeFiles/cmTC_8ccf0.dir/CMakeCXXCompilerABI.cpp.o -lstdc++ -lm -lgcc_s -lgcc -lc -lgcc_s -lgcc /opt/sw/x86_64/glibc-2.17/ivybridge-ep/gcc/5.3.0/lib/gcc/x86_64-unknown-linux-gnu/5.3.0/crtend.o /lib64/../lib64/crtn.o]
    arg [/opt/sw/x86_64/glibc-2.17/ivybridge-ep/gcc/5.3.0/libexec/gcc/x86_64-unknown-linux-gnu/5.3.0/collect2] ==> ignore
    arg [-plugin] ==> ignore
    arg [/opt/sw/x86_64/glibc-2.17/ivybridge-ep/gcc/5.3.0/libexec/gcc/x86_64-unknown-linux-gnu/5.3.0/liblto_plugin.so] ==> ignore
    arg [-plugin-opt=/opt/sw/x86_64/glibc-2.17/ivybridge-ep/gcc/5.3.0/libexec/gcc/x86_64-unknown-linux-gnu/5.3.0/lto-wrapper] ==> ignore
    arg [-plugin-opt=-fresolution=/tmp/ccdPlgdY.res] ==> ignore
    arg [-plugin-opt=-pass-through=-lgcc_s] ==> ignore
    arg [-plugin-opt=-pass-through=-lgcc] ==> ignore
    arg [-plugin-opt=-pass-through=-lc] ==> ignore
    arg [-plugin-opt=-pass-through=-lgcc_s] ==> ignore
    arg [-plugin-opt=-pass-through=-lgcc] ==> ignore
    arg [--eh-frame-hdr] ==> ignore
    arg [-m] ==> ignore
    arg [elf_x86_64] ==> ignore
    arg [-export-dynamic] ==> ignore
    arg [-dynamic-linker] ==> ignore
    arg [/lib64/ld-linux-x86-64.so.2] ==> ignore
    arg [-o] ==> ignore
    arg [cmTC_8ccf0] ==> ignore
    arg [/lib64/../lib64/crt1.o] ==> ignore
    arg [/lib64/../lib64/crti.o] ==> ignore
    arg [/opt/sw/x86_64/glibc-2.17/ivybridge-ep/gcc/5.3.0/lib/gcc/x86_64-unknown-linux-gnu/5.3.0/crtbegin.o] ==> ignore
    arg [-L/lib64/../lib64] ==> dir [/lib64/../lib64]
    arg [-L/lib/../lib64] ==> dir [/lib/../lib64]
    arg [-L/opt/sw/x86_64/glibc-2.17/ivybridge-ep/gcc/5.3.0//lib64/../lib64] ==> dir [/opt/sw/x86_64/glibc-2.17/ivybridge-ep/gcc/5.3.0//lib64/../lib64]
    arg [-L/opt/sw/x86_64/glibc-2.17/ivybridge-ep/gcc/5.3.0//lib/../lib64] ==> dir [/opt/sw/x86_64/glibc-2.17/ivybridge-ep/gcc/5.3.0//lib/../lib64]
    arg [-L/opt/sw/x86_64/glibc-2.17/ivybridge-ep/gcc/5.3.0/lib/gcc/x86_64-unknown-linux-gnu/5.3.0] ==> dir [/opt/sw/x86_64/glibc-2.17/ivybridge-ep/gcc/5.3.0/lib/gcc/x86_64-unknown-linux-gnu/5.3.0]
    arg [-L/opt/sw/x86_64/glibc-2.17/ivybridge-ep/gcc/5.3.0/lib/gcc/x86_64-unknown-linux-gnu/5.3.0/../../../../lib64] ==> dir [/opt/sw/x86_64/glibc-2.17/ivybridge-ep/gcc/5.3.0/lib/gcc/x86_64-unknown-linux-gnu/5.3.0/../../../../lib64]
    arg [-L/lib/../lib64] ==> dir [/lib/../lib64]
    arg [-L/usr/lib/../lib64] ==> dir [/usr/lib/../lib64]
    arg [-L/opt/sw/x86_64/glibc-2.17/ivybridge-ep/boost/1.62.0/gcc/5.3/mpioff/1.0/python/3.4/lib] ==> dir [/opt/sw/x86_64/glibc-2.17/ivybridge-ep/boost/1.62.0/gcc/5.3/mpioff/1.0/python/3.4/lib]
    arg [-L/opt/sw/x86_64/glibc-2.17/ivybridge-ep/python/3.4.2/gcc/5.3/lib] ==> dir [/opt/sw/x86_64/glibc-2.17/ivybridge-ep/python/3.4.2/gcc/5.3/lib]
    arg [-L/lib64] ==> dir [/lib64]
    arg [-L/opt/sw/x86_64/glibc-2.17/ivybridge-ep/gcc/5.3.0//lib64] ==> dir [/opt/sw/x86_64/glibc-2.17/ivybridge-ep/gcc/5.3.0//lib64]
    arg [-L/opt/sw/x86_64/glibc-2.17/ivybridge-ep/gcc/5.3.0//lib] ==> dir [/opt/sw/x86_64/glibc-2.17/ivybridge-ep/gcc/5.3.0//lib]
    arg [-L/opt/slurm/current/lib] ==> dir [/opt/slurm/current/lib]
    arg [-L/opt/slurm/current/lib/slurm] ==> dir [/opt/slurm/current/lib/slurm]
    arg [-L/opt/sw/x86_64/glibc-2.17/ivybridge-ep/gcc/5.3.0/lib/gcc/x86_64-unknown-linux-gnu/5.3.0/../../..] ==> dir [/opt/sw/x86_64/glibc-2.17/ivybridge-ep/gcc/5.3.0/lib/gcc/x86_64-unknown-linux-gnu/5.3.0/../../..]
    arg [CMakeFiles/cmTC_8ccf0.dir/CMakeCXXCompilerABI.cpp.o] ==> ignore
    arg [-lstdc++] ==> lib [stdc++]
    arg [-lm] ==> lib [m]
    arg [-lgcc_s] ==> lib [gcc_s]
    arg [-lgcc] ==> lib [gcc]
    arg [-lc] ==> lib [c]
    arg [-lgcc_s] ==> lib [gcc_s]
    arg [-lgcc] ==> lib [gcc]
    arg [/opt/sw/x86_64/glibc-2.17/ivybridge-ep/gcc/5.3.0/lib/gcc/x86_64-unknown-linux-gnu/5.3.0/crtend.o] ==> ignore
    arg [/lib64/../lib64/crtn.o] ==> ignore
  remove lib [gcc_s]
  remove lib [gcc]
  remove lib [gcc_s]
  remove lib [gcc]
  collapse library dir [/lib64/../lib64] ==> [/lib64]
  collapse library dir [/lib/../lib64] ==> [/lib64]
  collapse library dir [/opt/sw/x86_64/glibc-2.17/ivybridge-ep/gcc/5.3.0//lib64/../lib64] ==> [/opt/sw/x86_64/glibc-2.17/ivybridge-ep/gcc/5.3.0/lib64]
  collapse library dir [/opt/sw/x86_64/glibc-2.17/ivybridge-ep/gcc/5.3.0//lib/../lib64] ==> [/opt/sw/x86_64/glibc-2.17/ivybridge-ep/gcc/5.3.0/lib64]
  collapse library dir [/opt/sw/x86_64/glibc-2.17/ivybridge-ep/gcc/5.3.0/lib/gcc/x86_64-unknown-linux-gnu/5.3.0] ==> [/opt/sw/x86_64/glibc-2.17/ivybridge-ep/gcc/5.3.0/lib/gcc/x86_64-unknown-linux-gnu/5.3.0]
  collapse library dir [/opt/sw/x86_64/glibc-2.17/ivybridge-ep/gcc/5.3.0/lib/gcc/x86_64-unknown-linux-gnu/5.3.0/../../../../lib64] ==> [/opt/sw/x86_64/glibc-2.17/ivybridge-ep/gcc/5.3.0/lib64]
  collapse library dir [/lib/../lib64] ==> [/lib64]
  collapse library dir [/usr/lib/../lib64] ==> [/usr/lib64]
  collapse library dir [/opt/sw/x86_64/glibc-2.17/ivybridge-ep/boost/1.62.0/gcc/5.3/mpioff/1.0/python/3.4/lib] ==> [/opt/sw/x86_64/glibc-2.17/ivybridge-ep/boost/1.62.0/gcc/5.3/mpioff/1.0/python/3.4/lib]
  collapse library dir [/opt/sw/x86_64/glibc-2.17/ivybridge-ep/python/3.4.2/gcc/5.3/lib] ==> [/opt/sw/x86_64/glibc-2.17/ivybridge-ep/python/3.4.2/gcc/5.3/lib]
  collapse library dir [/lib64] ==> [/lib64]
  collapse library dir [/opt/sw/x86_64/glibc-2.17/ivybridge-ep/gcc/5.3.0//lib64] ==> [/opt/sw/x86_64/glibc-2.17/ivybridge-ep/gcc/5.3.0/lib64]
  collapse library dir [/opt/sw/x86_64/glibc-2.17/ivybridge-ep/gcc/5.3.0//lib] ==> [/opt/sw/x86_64/glibc-2.17/ivybridge-ep/gcc/5.3.0/lib]
  collapse library dir [/opt/slurm/current/lib] ==> [/opt/slurm/current/lib]
  collapse library dir [/opt/slurm/current/lib/slurm] ==> [/opt/slurm/current/lib/slurm]
  collapse library dir [/opt/sw/x86_64/glibc-2.17/ivybridge-ep/gcc/5.3.0/lib/gcc/x86_64-unknown-linux-gnu/5.3.0/../../..] ==> [/opt/sw/x86_64/glibc-2.17/ivybridge-ep/gcc/5.3.0/lib]
  implicit libs: [stdc++;m;c]
  implicit dirs: [/lib64;/opt/sw/x86_64/glibc-2.17/ivybridge-ep/gcc/5.3.0/lib64;/opt/sw/x86_64/glibc-2.17/ivybridge-ep/gcc/5.3.0/lib/gcc/x86_64-unknown-linux-gnu/5.3.0;/usr/lib64;/opt/sw/x86_64/glibc-2.17/ivybridge-ep/boost/1.62.0/gcc/5.3/mpioff/1.0/python/3.4/lib;/opt/sw/x86_64/glibc-2.17/ivybridge-ep/python/3.4.2/gcc/5.3/lib;/opt/sw/x86_64/glibc-2.17/ivybridge-ep/gcc/5.3.0/lib;/opt/slurm/current/lib;/opt/slurm/current/lib/slurm]
  implicit fwks: []




Detecting CXX [-std=c++14] compiler features compiled with the following output:
Change Dir: /home/lv70977/veie/HPX_project/cluster/2D_stencil/build/CMakeFiles/CMakeTmp

Run Build Command:"/bin/gmake" "cmTC_7190d/fast"
/bin/gmake -f CMakeFiles/cmTC_7190d.dir/build.make CMakeFiles/cmTC_7190d.dir/build
gmake[1]: Entering directory `/home/lv70977/veie/HPX_project/cluster/2D_stencil/build/CMakeFiles/CMakeTmp'
Building CXX object CMakeFiles/cmTC_7190d.dir/feature_tests.cxx.o
/opt/sw/x86_64/glibc-2.17/ivybridge-ep/gcc/5.3.0/bin/g++     -std=c++14 -o CMakeFiles/cmTC_7190d.dir/feature_tests.cxx.o -c /home/lv70977/veie/HPX_project/cluster/2D_stencil/build/CMakeFiles/feature_tests.cxx
Linking CXX executable cmTC_7190d
/opt/sw/x86_64/glibc-2.17/ivybridge-ep/cmake/3.6.2/gcc/5.3/bin/cmake -E cmake_link_script CMakeFiles/cmTC_7190d.dir/link.txt --verbose=1
/opt/sw/x86_64/glibc-2.17/ivybridge-ep/gcc/5.3.0/bin/g++        CMakeFiles/cmTC_7190d.dir/feature_tests.cxx.o  -o cmTC_7190d -rdynamic 
gmake[1]: Leaving directory `/home/lv70977/veie/HPX_project/cluster/2D_stencil/build/CMakeFiles/CMakeTmp'


    Feature record: CXX_FEATURE:1cxx_aggregate_default_initializers
    Feature record: CXX_FEATURE:1cxx_alias_templates
    Feature record: CXX_FEATURE:1cxx_alignas
    Feature record: CXX_FEATURE:1cxx_alignof
    Feature record: CXX_FEATURE:1cxx_attributes
    Feature record: CXX_FEATURE:1cxx_attribute_deprecated
    Feature record: CXX_FEATURE:1cxx_auto_type
    Feature record: CXX_FEATURE:1cxx_binary_literals
    Feature record: CXX_FEATURE:1cxx_constexpr
    Feature record: CXX_FEATURE:1cxx_contextual_conversions
    Feature record: CXX_FEATURE:1cxx_decltype
    Feature record: CXX_FEATURE:1cxx_decltype_auto
    Feature record: CXX_FEATURE:1cxx_decltype_incomplete_return_types
    Feature record: CXX_FEATURE:1cxx_default_function_template_args
    Feature record: CXX_FEATURE:1cxx_defaulted_functions
    Feature record: CXX_FEATURE:1cxx_defaulted_move_initializers
    Feature record: CXX_FEATURE:1cxx_delegating_constructors
    Feature record: CXX_FEATURE:1cxx_deleted_functions
    Feature record: CXX_FEATURE:1cxx_digit_separators
    Feature record: CXX_FEATURE:1cxx_enum_forward_declarations
    Feature record: CXX_FEATURE:1cxx_explicit_conversions
    Feature record: CXX_FEATURE:1cxx_extended_friend_declarations
    Feature record: CXX_FEATURE:1cxx_extern_templates
    Feature record: CXX_FEATURE:1cxx_final
    Feature record: CXX_FEATURE:1cxx_func_identifier
    Feature record: CXX_FEATURE:1cxx_generalized_initializers
    Feature record: CXX_FEATURE:1cxx_generic_lambdas
    Feature record: CXX_FEATURE:1cxx_inheriting_constructors
    Feature record: CXX_FEATURE:1cxx_inline_namespaces
    Feature record: CXX_FEATURE:1cxx_lambdas
    Feature record: CXX_FEATURE:1cxx_lambda_init_captures
    Feature record: CXX_FEATURE:1cxx_local_type_template_args
    Feature record: CXX_FEATURE:1cxx_long_long_type
    Feature record: CXX_FEATURE:1cxx_noexcept
    Feature record: CXX_FEATURE:1cxx_nonstatic_member_init
    Feature record: CXX_FEATURE:1cxx_nullptr
    Feature record: CXX_FEATURE:1cxx_override
    Feature record: CXX_FEATURE:1cxx_range_for
    Feature record: CXX_FEATURE:1cxx_raw_string_literals
    Feature record: CXX_FEATURE:1cxx_reference_qualified_functions
    Feature record: CXX_FEATURE:1cxx_relaxed_constexpr
    Feature record: CXX_FEATURE:1cxx_return_type_deduction
    Feature record: CXX_FEATURE:1cxx_right_angle_brackets
    Feature record: CXX_FEATURE:1cxx_rvalue_references
    Feature record: CXX_FEATURE:1cxx_sizeof_member
    Feature record: CXX_FEATURE:1cxx_static_assert
    Feature record: CXX_FEATURE:1cxx_strong_enums
    Feature record: CXX_FEATURE:1cxx_template_template_parameters
    Feature record: CXX_FEATURE:1cxx_thread_local
    Feature record: CXX_FEATURE:1cxx_trailing_return_types
    Feature record: CXX_FEATURE:1cxx_unicode_literals
    Feature record: CXX_FEATURE:1cxx_uniform_initialization
    Feature record: CXX_FEATURE:1cxx_unrestricted_unions
    Feature record: CXX_FEATURE:1cxx_user_literals
    Feature record: CXX_FEATURE:1cxx_variable_templates
    Feature record: CXX_FEATURE:1cxx_variadic_macros
    Feature record: CXX_FEATURE:1cxx_variadic_templates


Detecting CXX [-std=c++11] compiler features compiled with the following output:
Change Dir: /home/lv70977/veie/HPX_project/cluster/2D_stencil/build/CMakeFiles/CMakeTmp

Run Build Command:"/bin/gmake" "cmTC_c0c8b/fast"
/bin/gmake -f CMakeFiles/cmTC_c0c8b.dir/build.make CMakeFiles/cmTC_c0c8b.dir/build
gmake[1]: Entering directory `/home/lv70977/veie/HPX_project/cluster/2D_stencil/build/CMakeFiles/CMakeTmp'
Building CXX object CMakeFiles/cmTC_c0c8b.dir/feature_tests.cxx.o
/opt/sw/x86_64/glibc-2.17/ivybridge-ep/gcc/5.3.0/bin/g++     -std=c++11 -o CMakeFiles/cmTC_c0c8b.dir/feature_tests.cxx.o -c /home/lv70977/veie/HPX_project/cluster/2D_stencil/build/CMakeFiles/feature_tests.cxx
Linking CXX executable cmTC_c0c8b
/opt/sw/x86_64/glibc-2.17/ivybridge-ep/cmake/3.6.2/gcc/5.3/bin/cmake -E cmake_link_script CMakeFiles/cmTC_c0c8b.dir/link.txt --verbose=1
/opt/sw/x86_64/glibc-2.17/ivybridge-ep/gcc/5.3.0/bin/g++        CMakeFiles/cmTC_c0c8b.dir/feature_tests.cxx.o  -o cmTC_c0c8b -rdynamic 
gmake[1]: Leaving directory `/home/lv70977/veie/HPX_project/cluster/2D_stencil/build/CMakeFiles/CMakeTmp'


    Feature record: CXX_FEATURE:0cxx_aggregate_default_initializers
    Feature record: CXX_FEATURE:1cxx_alias_templates
    Feature record: CXX_FEATURE:1cxx_alignas
    Feature record: CXX_FEATURE:1cxx_alignof
    Feature record: CXX_FEATURE:1cxx_attributes
    Feature record: CXX_FEATURE:0cxx_attribute_deprecated
    Feature record: CXX_FEATURE:1cxx_auto_type
    Feature record: CXX_FEATURE:0cxx_binary_literals
    Feature record: CXX_FEATURE:1cxx_constexpr
    Feature record: CXX_FEATURE:0cxx_contextual_conversions
    Feature record: CXX_FEATURE:1cxx_decltype
    Feature record: CXX_FEATURE:0cxx_decltype_auto
    Feature record: CXX_FEATURE:1cxx_decltype_incomplete_return_types
    Feature record: CXX_FEATURE:1cxx_default_function_template_args
    Feature record: CXX_FEATURE:1cxx_defaulted_functions
    Feature record: CXX_FEATURE:1cxx_defaulted_move_initializers
    Feature record: CXX_FEATURE:1cxx_delegating_constructors
    Feature record: CXX_FEATURE:1cxx_deleted_functions
    Feature record: CXX_FEATURE:0cxx_digit_separators
    Feature record: CXX_FEATURE:1cxx_enum_forward_declarations
    Feature record: CXX_FEATURE:1cxx_explicit_conversions
    Feature record: CXX_FEATURE:1cxx_extended_friend_declarations
    Feature record: CXX_FEATURE:1cxx_extern_templates
    Feature record: CXX_FEATURE:1cxx_final
    Feature record: CXX_FEATURE:1cxx_func_identifier
    Feature record: CXX_FEATURE:1cxx_generalized_initializers
    Feature record: CXX_FEATURE:0cxx_generic_lambdas
    Feature record: CXX_FEATURE:1cxx_inheriting_constructors
    Feature record: CXX_FEATURE:1cxx_inline_namespaces
    Feature record: CXX_FEATURE:1cxx_lambdas
    Feature record: CXX_FEATURE:0cxx_lambda_init_captures
    Feature record: CXX_FEATURE:1cxx_local_type_template_args
    Feature record: CXX_FEATURE:1cxx_long_long_type
    Feature record: CXX_FEATURE:1cxx_noexcept
    Feature record: CXX_FEATURE:1cxx_nonstatic_member_init
    Feature record: CXX_FEATURE:1cxx_nullptr
    Feature record: CXX_FEATURE:1cxx_override
    Feature record: CXX_FEATURE:1cxx_range_for
    Feature record: CXX_FEATURE:1cxx_raw_string_literals
    Feature record: CXX_FEATURE:1cxx_reference_qualified_functions
    Feature record: CXX_FEATURE:0cxx_relaxed_constexpr
    Feature record: CXX_FEATURE:0cxx_return_type_deduction
    Feature record: CXX_FEATURE:1cxx_right_angle_brackets
    Feature record: CXX_FEATURE:1cxx_rvalue_references
    Feature record: CXX_FEATURE:1cxx_sizeof_member
    Feature record: CXX_FEATURE:1cxx_static_assert
    Feature record: CXX_FEATURE:1cxx_strong_enums
    Feature record: CXX_FEATURE:1cxx_template_template_parameters
    Feature record: CXX_FEATURE:1cxx_thread_local
    Feature record: CXX_FEATURE:1cxx_trailing_return_types
    Feature record: CXX_FEATURE:1cxx_unicode_literals
    Feature record: CXX_FEATURE:1cxx_uniform_initialization
    Feature record: CXX_FEATURE:1cxx_unrestricted_unions
    Feature record: CXX_FEATURE:1cxx_user_literals
    Feature record: CXX_FEATURE:0cxx_variable_templates
    Feature record: CXX_FEATURE:1cxx_variadic_macros
    Feature record: CXX_FEATURE:1cxx_variadic_templates


Detecting CXX [-std=c++98] compiler features compiled with the following output:
Change Dir: /home/lv70977/veie/HPX_project/cluster/2D_stencil/build/CMakeFiles/CMakeTmp

Run Build Command:"/bin/gmake" "cmTC_e81eb/fast"
/bin/gmake -f CMakeFiles/cmTC_e81eb.dir/build.make CMakeFiles/cmTC_e81eb.dir/build
gmake[1]: Entering directory `/home/lv70977/veie/HPX_project/cluster/2D_stencil/build/CMakeFiles/CMakeTmp'
Building CXX object CMakeFiles/cmTC_e81eb.dir/feature_tests.cxx.o
/opt/sw/x86_64/glibc-2.17/ivybridge-ep/gcc/5.3.0/bin/g++     -std=c++98 -o CMakeFiles/cmTC_e81eb.dir/feature_tests.cxx.o -c /home/lv70977/veie/HPX_project/cluster/2D_stencil/build/CMakeFiles/feature_tests.cxx
Linking CXX executable cmTC_e81eb
/opt/sw/x86_64/glibc-2.17/ivybridge-ep/cmake/3.6.2/gcc/5.3/bin/cmake -E cmake_link_script CMakeFiles/cmTC_e81eb.dir/link.txt --verbose=1
/opt/sw/x86_64/glibc-2.17/ivybridge-ep/gcc/5.3.0/bin/g++        CMakeFiles/cmTC_e81eb.dir/feature_tests.cxx.o  -o cmTC_e81eb -rdynamic 
gmake[1]: Leaving directory `/home/lv70977/veie/HPX_project/cluster/2D_stencil/build/CMakeFiles/CMakeTmp'


    Feature record: CXX_FEATURE:0cxx_aggregate_default_initializers
    Feature record: CXX_FEATURE:0cxx_alias_templates
    Feature record: CXX_FEATURE:0cxx_alignas
    Feature record: CXX_FEATURE:0cxx_alignof
    Feature record: CXX_FEATURE:0cxx_attributes
    Feature record: CXX_FEATURE:0cxx_attribute_deprecated
    Feature record: CXX_FEATURE:0cxx_auto_type
    Feature record: CXX_FEATURE:0cxx_binary_literals
    Feature record: CXX_FEATURE:0cxx_constexpr
    Feature record: CXX_FEATURE:0cxx_contextual_conversions
    Feature record: CXX_FEATURE:0cxx_decltype
    Feature record: CXX_FEATURE:0cxx_decltype_auto
    Feature record: CXX_FEATURE:0cxx_decltype_incomplete_return_types
    Feature record: CXX_FEATURE:0cxx_default_function_template_args
    Feature record: CXX_FEATURE:0cxx_defaulted_functions
    Feature record: CXX_FEATURE:0cxx_defaulted_move_initializers
    Feature record: CXX_FEATURE:0cxx_delegating_constructors
    Feature record: CXX_FEATURE:0cxx_deleted_functions
    Feature record: CXX_FEATURE:0cxx_digit_separators
    Feature record: CXX_FEATURE:0cxx_enum_forward_declarations
    Feature record: CXX_FEATURE:0cxx_explicit_conversions
    Feature record: CXX_FEATURE:0cxx_extended_friend_declarations
    Feature record: CXX_FEATURE:0cxx_extern_templates
    Feature record: CXX_FEATURE:0cxx_final
    Feature record: CXX_FEATURE:0cxx_func_identifier
    Feature record: CXX_FEATURE:0cxx_generalized_initializers
    Feature record: CXX_FEATURE:0cxx_generic_lambdas
    Feature record: CXX_FEATURE:0cxx_inheriting_constructors
    Feature record: CXX_FEATURE:0cxx_inline_namespaces
    Feature record: CXX_FEATURE:0cxx_lambdas
    Feature record: CXX_FEATURE:0cxx_lambda_init_captures
    Feature record: CXX_FEATURE:0cxx_local_type_template_args
    Feature record: CXX_FEATURE:0cxx_long_long_type
    Feature record: CXX_FEATURE:0cxx_noexcept
    Feature record: CXX_FEATURE:0cxx_nonstatic_member_init
    Feature record: CXX_FEATURE:0cxx_nullptr
    Feature record: CXX_FEATURE:0cxx_override
    Feature record: CXX_FEATURE:0cxx_range_for
    Feature record: CXX_FEATURE:0cxx_raw_string_literals
    Feature record: CXX_FEATURE:0cxx_reference_qualified_functions
    Feature record: CXX_FEATURE:0cxx_relaxed_constexpr
    Feature record: CXX_FEATURE:0cxx_return_type_deduction
    Feature record: CXX_FEATURE:0cxx_right_angle_brackets
    Feature record: CXX_FEATURE:0cxx_rvalue_references
    Feature record: CXX_FEATURE:0cxx_sizeof_member
    Feature record: CXX_FEATURE:0cxx_static_assert
    Feature record: CXX_FEATURE:0cxx_strong_enums
    Feature record: CXX_FEATURE:1cxx_template_template_parameters
    Feature record: CXX_FEATURE:0cxx_thread_local
    Feature record: CXX_FEATURE:0cxx_trailing_return_types
    Feature record: CXX_FEATURE:0cxx_unicode_literals
    Feature record: CXX_FEATURE:0cxx_uniform_initialization
    Feature record: CXX_FEATURE:0cxx_unrestricted_unions
    Feature record: CXX_FEATURE:0cxx_user_literals
    Feature record: CXX_FEATURE:0cxx_variable_templates
    Feature record: CXX_FEATURE:0cxx_variadic_macros
    Feature record: CXX_FEATURE:0cxx_variadic_templates
Compiling the C compiler identification source file "CMakeCCompilerId.c" succeeded.
Compiler: /opt/sw/x86_64/glibc-2.17/ivybridge-ep/gcc/5.3.0/bin/gcc 
Build flags: 
Id flags: 

The output was:
0


Compilation of the C compiler identification source "CMakeCCompilerId.c" produced "a.out"

The C compiler identification is GNU, found in "/home/lv70977/veie/HPX_project/cluster/2D_stencil/build/CMakeFiles/3.6.2/CompilerIdC/a.out"

Determining if the C compiler works passed with the following output:
Change Dir: /home/lv70977/veie/HPX_project/cluster/2D_stencil/build/CMakeFiles/CMakeTmp

Run Build Command:"/bin/gmake" "cmTC_2d235/fast"
/bin/gmake -f CMakeFiles/cmTC_2d235.dir/build.make CMakeFiles/cmTC_2d235.dir/build
gmake[1]: Entering directory `/home/lv70977/veie/HPX_project/cluster/2D_stencil/build/CMakeFiles/CMakeTmp'
Building C object CMakeFiles/cmTC_2d235.dir/testCCompiler.c.o
/opt/sw/x86_64/glibc-2.17/ivybridge-ep/gcc/5.3.0/bin/gcc     -o CMakeFiles/cmTC_2d235.dir/testCCompiler.c.o   -c /home/lv70977/veie/HPX_project/cluster/2D_stencil/build/CMakeFiles/CMakeTmp/testCCompiler.c
Linking C executable cmTC_2d235
/opt/sw/x86_64/glibc-2.17/ivybridge-ep/cmake/3.6.2/gcc/5.3/bin/cmake -E cmake_link_script CMakeFiles/cmTC_2d235.dir/link.txt --verbose=1
/opt/sw/x86_64/glibc-2.17/ivybridge-ep/gcc/5.3.0/bin/gcc       CMakeFiles/cmTC_2d235.dir/testCCompiler.c.o  -o cmTC_2d235 -rdynamic 
gmake[1]: Leaving directory `/home/lv70977/veie/HPX_project/cluster/2D_stencil/build/CMakeFiles/CMakeTmp'


Detecting C compiler ABI info compiled with the following output:
Change Dir: /home/lv70977/veie/HPX_project/cluster/2D_stencil/build/CMakeFiles/CMakeTmp

Run Build Command:"/bin/gmake" "cmTC_9210b/fast"
/bin/gmake -f CMakeFiles/cmTC_9210b.dir/build.make CMakeFiles/cmTC_9210b.dir/build
gmake[1]: Entering directory `/home/lv70977/veie/HPX_project/cluster/2D_stencil/build/CMakeFiles/CMakeTmp'
Building C object CMakeFiles/cmTC_9210b.dir/CMakeCCompilerABI.c.o
/opt/sw/x86_64/glibc-2.17/ivybridge-ep/gcc/5.3.0/bin/gcc     -o CMakeFiles/cmTC_9210b.dir/CMakeCCompilerABI.c.o   -c /opt/sw/x86_64/glibc-2.17/ivybridge-ep/cmake/3.6.2/gcc/5.3/share/cmake-3.6/Modules/CMakeCCompilerABI.c
Linking C executable cmTC_9210b
/opt/sw/x86_64/glibc-2.17/ivybridge-ep/cmake/3.6.2/gcc/5.3/bin/cmake -E cmake_link_script CMakeFiles/cmTC_9210b.dir/link.txt --verbose=1
/opt/sw/x86_64/glibc-2.17/ivybridge-ep/gcc/5.3.0/bin/gcc      -v CMakeFiles/cmTC_9210b.dir/CMakeCCompilerABI.c.o  -o cmTC_9210b -rdynamic  
Using built-in specs.
COLLECT_GCC=/opt/sw/x86_64/glibc-2.17/ivybridge-ep/gcc/5.3.0/bin/gcc
COLLECT_LTO_WRAPPER=/opt/sw/x86_64/glibc-2.17/ivybridge-ep/gcc/5.3.0/libexec/gcc/x86_64-unknown-linux-gnu/5.3.0/lto-wrapper
Target: x86_64-unknown-linux-gnu
Configured with: ./configure --prefix=/opt/sw/x86_64/glibc-2.17/ivybridge-ep/gcc/5.3.0/ --enable-shared --disable-multilib
Thread model: posix
gcc version 5.3.0 (GCC) 
COMPILER_PATH=/opt/sw/x86_64/glibc-2.17/ivybridge-ep/gcc/5.3.0/libexec/gcc/x86_64-unknown-linux-gnu/5.3.0/:/opt/sw/x86_64/glibc-2.17/ivybridge-ep/gcc/5.3.0/libexec/gcc/x86_64-unknown-linux-gnu/5.3.0/:/opt/sw/x86_64/glibc-2.17/ivybridge-ep/gcc/5.3.0/libexec/gcc/x86_64-unknown-linux-gnu/:/opt/sw/x86_64/glibc-2.17/ivybridge-ep/gcc/5.3.0/lib/gcc/x86_64-unknown-linux-gnu/5.3.0/:/opt/sw/x86_64/glibc-2.17/ivybridge-ep/gcc/5.3.0/lib/gcc/x86_64-unknown-linux-gnu/
LIBRARY_PATH=/lib64/../lib64/:/lib/../lib64/:/opt/sw/x86_64/glibc-2.17/ivybridge-ep/gcc/5.3.0//lib64/../lib64/:/opt/sw/x86_64/glibc-2.17/ivybridge-ep/gcc/5.3.0//lib/../lib64/:/opt/sw/x86_64/glibc-2.17/ivybridge-ep/gcc/5.3.0/lib/gcc/x86_64-unknown-linux-gnu/5.3.0/:/opt/sw/x86_64/glibc-2.17/ivybridge-ep/gcc/5.3.0/lib/gcc/x86_64-unknown-linux-gnu/5.3.0/../../../../lib64/:/lib/../lib64/:/usr/lib/../lib64/:/opt/sw/x86_64/glibc-2.17/ivybridge-ep/boost/1.62.0/gcc/5.3/mpioff/1.0/python/3.4/lib/:/opt/sw/x86_64/glibc-2.17/ivybridge-ep/python/3.4.2/gcc/5.3/lib/:/lib64/:/lib/:/opt/sw/x86_64/glibc-2.17/ivybridge-ep/gcc/5.3.0//lib64/:/opt/sw/x86_64/glibc-2.17/ivybridge-ep/gcc/5.3.0//lib/:/opt/slurm/current/lib/:/opt/slurm/current/lib/slurm/:/opt/sw/x86_64/glibc-2.17/ivybridge-ep/gcc/5.3.0/lib/gcc/x86_64-unknown-linux-gnu/5.3.0/../../../:/lib/:/usr/lib/
COLLECT_GCC_OPTIONS='-v' '-o' 'cmTC_9210b' '-rdynamic' '-mtune=generic' '-march=x86-64'
 /opt/sw/x86_64/glibc-2.17/ivybridge-ep/gcc/5.3.0/libexec/gcc/x86_64-unknown-linux-gnu/5.3.0/collect2 -plugin /opt/sw/x86_64/glibc-2.17/ivybridge-ep/gcc/5.3.0/libexec/gcc/x86_64-unknown-linux-gnu/5.3.0/liblto_plugin.so -plugin-opt=/opt/sw/x86_64/glibc-2.17/ivybridge-ep/gcc/5.3.0/libexec/gcc/x86_64-unknown-linux-gnu/5.3.0/lto-wrapper -plugin-opt=-fresolution=/tmp/ccKh7y4O.res -plugin-opt=-pass-through=-lgcc -plugin-opt=-pass-through=-lgcc_s -plugin-opt=-pass-through=-lc -plugin-opt=-pass-through=-lgcc -plugin-opt=-pass-through=-lgcc_s --eh-frame-hdr -m elf_x86_64 -export-dynamic -dynamic-linker /lib64/ld-linux-x86-64.so.2 -o cmTC_9210b /lib64/../lib64/crt1.o /lib64/../lib64/crti.o /opt/sw/x86_64/glibc-2.17/ivybridge-ep/gcc/5.3.0/lib/gcc/x86_64-unknown-linux-gnu/5.3.0/crtbegin.o -L/lib64/../lib64 -L/lib/../lib64 -L/opt/sw/x86_64/glibc-2.17/ivybridge-ep/gcc/5.3.0//lib64/../lib64 -L/opt/sw/x86_64/glibc-2.17/ivybridge-ep/gcc/5.3.0//lib/../lib64 -L/opt/sw/x86_64/glibc-2.17/ivybridge-ep/gcc/5.3.0/lib/gcc/x86_64-unknown-linux-gnu/5.3.0 -L/opt/sw/x86_64/glibc-2.17/ivybridge-ep/gcc/5.3.0/lib/gcc/x86_64-unknown-linux-gnu/5.3.0/../../../../lib64 -L/lib/../lib64 -L/usr/lib/../lib64 -L/opt/sw/x86_64/glibc-2.17/ivybridge-ep/boost/1.62.0/gcc/5.3/mpioff/1.0/python/3.4/lib -L/opt/sw/x86_64/glibc-2.17/ivybridge-ep/python/3.4.2/gcc/5.3/lib -L/lib64 -L/opt/sw/x86_64/glibc-2.17/ivybridge-ep/gcc/5.3.0//lib64 -L/opt/sw/x86_64/glibc-2.17/ivybridge-ep/gcc/5.3.0//lib -L/opt/slurm/current/lib -L/opt/slurm/current/lib/slurm -L/opt/sw/x86_64/glibc-2.17/ivybridge-ep/gcc/5.3.0/lib/gcc/x86_64-unknown-linux-gnu/5.3.0/../../.. CMakeFiles/cmTC_9210b.dir/CMakeCCompilerABI.c.o -lgcc --as-needed -lgcc_s --no-as-needed -lc -lgcc --as-needed -lgcc_s --no-as-needed /opt/sw/x86_64/glibc-2.17/ivybridge-ep/gcc/5.3.0/lib/gcc/x86_64-unknown-linux-gnu/5.3.0/crtend.o /lib64/../lib64/crtn.o
gmake[1]: Leaving directory `/home/lv70977/veie/HPX_project/cluster/2D_stencil/build/CMakeFiles/CMakeTmp'


Parsed C implicit link information from above output:
  link line regex: [^( *|.*[/\])(ld|([^/\]+-)?ld|collect2)[^/\]*( |$)]
  ignore line: [Change Dir: /home/lv70977/veie/HPX_project/cluster/2D_stencil/build/CMakeFiles/CMakeTmp]
  ignore line: []
  ignore line: [Run Build Command:"/bin/gmake" "cmTC_9210b/fast"]
  ignore line: [/bin/gmake -f CMakeFiles/cmTC_9210b.dir/build.make CMakeFiles/cmTC_9210b.dir/build]
  ignore line: [gmake[1]: Entering directory `/home/lv70977/veie/HPX_project/cluster/2D_stencil/build/CMakeFiles/CMakeTmp']
  ignore line: [Building C object CMakeFiles/cmTC_9210b.dir/CMakeCCompilerABI.c.o]
  ignore line: [/opt/sw/x86_64/glibc-2.17/ivybridge-ep/gcc/5.3.0/bin/gcc     -o CMakeFiles/cmTC_9210b.dir/CMakeCCompilerABI.c.o   -c /opt/sw/x86_64/glibc-2.17/ivybridge-ep/cmake/3.6.2/gcc/5.3/share/cmake-3.6/Modules/CMakeCCompilerABI.c]
  ignore line: [Linking C executable cmTC_9210b]
  ignore line: [/opt/sw/x86_64/glibc-2.17/ivybridge-ep/cmake/3.6.2/gcc/5.3/bin/cmake -E cmake_link_script CMakeFiles/cmTC_9210b.dir/link.txt --verbose=1]
  ignore line: [/opt/sw/x86_64/glibc-2.17/ivybridge-ep/gcc/5.3.0/bin/gcc      -v CMakeFiles/cmTC_9210b.dir/CMakeCCompilerABI.c.o  -o cmTC_9210b -rdynamic  ]
  ignore line: [Using built-in specs.]
  ignore line: [COLLECT_GCC=/opt/sw/x86_64/glibc-2.17/ivybridge-ep/gcc/5.3.0/bin/gcc]
  ignore line: [COLLECT_LTO_WRAPPER=/opt/sw/x86_64/glibc-2.17/ivybridge-ep/gcc/5.3.0/libexec/gcc/x86_64-unknown-linux-gnu/5.3.0/lto-wrapper]
  ignore line: [Target: x86_64-unknown-linux-gnu]
  ignore line: [Configured with: ./configure --prefix=/opt/sw/x86_64/glibc-2.17/ivybridge-ep/gcc/5.3.0/ --enable-shared --disable-multilib]
  ignore line: [Thread model: posix]
  ignore line: [gcc version 5.3.0 (GCC) ]
  ignore line: [COMPILER_PATH=/opt/sw/x86_64/glibc-2.17/ivybridge-ep/gcc/5.3.0/libexec/gcc/x86_64-unknown-linux-gnu/5.3.0/:/opt/sw/x86_64/glibc-2.17/ivybridge-ep/gcc/5.3.0/libexec/gcc/x86_64-unknown-linux-gnu/5.3.0/:/opt/sw/x86_64/glibc-2.17/ivybridge-ep/gcc/5.3.0/libexec/gcc/x86_64-unknown-linux-gnu/:/opt/sw/x86_64/glibc-2.17/ivybridge-ep/gcc/5.3.0/lib/gcc/x86_64-unknown-linux-gnu/5.3.0/:/opt/sw/x86_64/glibc-2.17/ivybridge-ep/gcc/5.3.0/lib/gcc/x86_64-unknown-linux-gnu/]
  ignore line: [LIBRARY_PATH=/lib64/../lib64/:/lib/../lib64/:/opt/sw/x86_64/glibc-2.17/ivybridge-ep/gcc/5.3.0//lib64/../lib64/:/opt/sw/x86_64/glibc-2.17/ivybridge-ep/gcc/5.3.0//lib/../lib64/:/opt/sw/x86_64/glibc-2.17/ivybridge-ep/gcc/5.3.0/lib/gcc/x86_64-unknown-linux-gnu/5.3.0/:/opt/sw/x86_64/glibc-2.17/ivybridge-ep/gcc/5.3.0/lib/gcc/x86_64-unknown-linux-gnu/5.3.0/../../../../lib64/:/lib/../lib64/:/usr/lib/../lib64/:/opt/sw/x86_64/glibc-2.17/ivybridge-ep/boost/1.62.0/gcc/5.3/mpioff/1.0/python/3.4/lib/:/opt/sw/x86_64/glibc-2.17/ivybridge-ep/python/3.4.2/gcc/5.3/lib/:/lib64/:/lib/:/opt/sw/x86_64/glibc-2.17/ivybridge-ep/gcc/5.3.0//lib64/:/opt/sw/x86_64/glibc-2.17/ivybridge-ep/gcc/5.3.0//lib/:/opt/slurm/current/lib/:/opt/slurm/current/lib/slurm/:/opt/sw/x86_64/glibc-2.17/ivybridge-ep/gcc/5.3.0/lib/gcc/x86_64-unknown-linux-gnu/5.3.0/../../../:/lib/:/usr/lib/]
  ignore line: [COLLECT_GCC_OPTIONS='-v' '-o' 'cmTC_9210b' '-rdynamic' '-mtune=generic' '-march=x86-64']
  link line: [ /opt/sw/x86_64/glibc-2.17/ivybridge-ep/gcc/5.3.0/libexec/gcc/x86_64-unknown-linux-gnu/5.3.0/collect2 -plugin /opt/sw/x86_64/glibc-2.17/ivybridge-ep/gcc/5.3.0/libexec/gcc/x86_64-unknown-linux-gnu/5.3.0/liblto_plugin.so -plugin-opt=/opt/sw/x86_64/glibc-2.17/ivybridge-ep/gcc/5.3.0/libexec/gcc/x86_64-unknown-linux-gnu/5.3.0/lto-wrapper -plugin-opt=-fresolution=/tmp/ccKh7y4O.res -plugin-opt=-pass-through=-lgcc -plugin-opt=-pass-through=-lgcc_s -plugin-opt=-pass-through=-lc -plugin-opt=-pass-through=-lgcc -plugin-opt=-pass-through=-lgcc_s --eh-frame-hdr -m elf_x86_64 -export-dynamic -dynamic-linker /lib64/ld-linux-x86-64.so.2 -o cmTC_9210b /lib64/../lib64/crt1.o /lib64/../lib64/crti.o /opt/sw/x86_64/glibc-2.17/ivybridge-ep/gcc/5.3.0/lib/gcc/x86_64-unknown-linux-gnu/5.3.0/crtbegin.o -L/lib64/../lib64 -L/lib/../lib64 -L/opt/sw/x86_64/glibc-2.17/ivybridge-ep/gcc/5.3.0//lib64/../lib64 -L/opt/sw/x86_64/glibc-2.17/ivybridge-ep/gcc/5.3.0//lib/../lib64 -L/opt/sw/x86_64/glibc-2.17/ivybridge-ep/gcc/5.3.0/lib/gcc/x86_64-unknown-linux-gnu/5.3.0 -L/opt/sw/x86_64/glibc-2.17/ivybridge-ep/gcc/5.3.0/lib/gcc/x86_64-unknown-linux-gnu/5.3.0/../../../../lib64 -L/lib/../lib64 -L/usr/lib/../lib64 -L/opt/sw/x86_64/glibc-2.17/ivybridge-ep/boost/1.62.0/gcc/5.3/mpioff/1.0/python/3.4/lib -L/opt/sw/x86_64/glibc-2.17/ivybridge-ep/python/3.4.2/gcc/5.3/lib -L/lib64 -L/opt/sw/x86_64/glibc-2.17/ivybridge-ep/gcc/5.3.0//lib64 -L/opt/sw/x86_64/glibc-2.17/ivybridge-ep/gcc/5.3.0//lib -L/opt/slurm/current/lib -L/opt/slurm/current/lib/slurm -L/opt/sw/x86_64/glibc-2.17/ivybridge-ep/gcc/5.3.0/lib/gcc/x86_64-unknown-linux-gnu/5.3.0/../../.. CMakeFiles/cmTC_9210b.dir/CMakeCCompilerABI.c.o -lgcc --as-needed -lgcc_s --no-as-needed -lc -lgcc --as-needed -lgcc_s --no-as-needed /opt/sw/x86_64/glibc-2.17/ivybridge-ep/gcc/5.3.0/lib/gcc/x86_64-unknown-linux-gnu/5.3.0/crtend.o /lib64/../lib64/crtn.o]
    arg [/opt/sw/x86_64/glibc-2.17/ivybridge-ep/gcc/5.3.0/libexec/gcc/x86_64-unknown-linux-gnu/5.3.0/collect2] ==> ignore
    arg [-plugin] ==> ignore
    arg [/opt/sw/x86_64/glibc-2.17/ivybridge-ep/gcc/5.3.0/libexec/gcc/x86_64-unknown-linux-gnu/5.3.0/liblto_plugin.so] ==> ignore
    arg [-plugin-opt=/opt/sw/x86_64/glibc-2.17/ivybridge-ep/gcc/5.3.0/libexec/gcc/x86_64-unknown-linux-gnu/5.3.0/lto-wrapper] ==> ignore
    arg [-plugin-opt=-fresolution=/tmp/ccKh7y4O.res] ==> ignore
    arg [-plugin-opt=-pass-through=-lgcc] ==> ignore
    arg [-plugin-opt=-pass-through=-lgcc_s] ==> ignore
    arg [-plugin-opt=-pass-through=-lc] ==> ignore
    arg [-plugin-opt=-pass-through=-lgcc] ==> ignore
    arg [-plugin-opt=-pass-through=-lgcc_s] ==> ignore
    arg [--eh-frame-hdr] ==> ignore
    arg [-m] ==> ignore
    arg [elf_x86_64] ==> ignore
    arg [-export-dynamic] ==> ignore
    arg [-dynamic-linker] ==> ignore
    arg [/lib64/ld-linux-x86-64.so.2] ==> ignore
    arg [-o] ==> ignore
    arg [cmTC_9210b] ==> ignore
    arg [/lib64/../lib64/crt1.o] ==> ignore
    arg [/lib64/../lib64/crti.o] ==> ignore
    arg [/opt/sw/x86_64/glibc-2.17/ivybridge-ep/gcc/5.3.0/lib/gcc/x86_64-unknown-linux-gnu/5.3.0/crtbegin.o] ==> ignore
    arg [-L/lib64/../lib64] ==> dir [/lib64/../lib64]
    arg [-L/lib/../lib64] ==> dir [/lib/../lib64]
    arg [-L/opt/sw/x86_64/glibc-2.17/ivybridge-ep/gcc/5.3.0//lib64/../lib64] ==> dir [/opt/sw/x86_64/glibc-2.17/ivybridge-ep/gcc/5.3.0//lib64/../lib64]
    arg [-L/opt/sw/x86_64/glibc-2.17/ivybridge-ep/gcc/5.3.0//lib/../lib64] ==> dir [/opt/sw/x86_64/glibc-2.17/ivybridge-ep/gcc/5.3.0//lib/../lib64]
    arg [-L/opt/sw/x86_64/glibc-2.17/ivybridge-ep/gcc/5.3.0/lib/gcc/x86_64-unknown-linux-gnu/5.3.0] ==> dir [/opt/sw/x86_64/glibc-2.17/ivybridge-ep/gcc/5.3.0/lib/gcc/x86_64-unknown-linux-gnu/5.3.0]
    arg [-L/opt/sw/x86_64/glibc-2.17/ivybridge-ep/gcc/5.3.0/lib/gcc/x86_64-unknown-linux-gnu/5.3.0/../../../../lib64] ==> dir [/opt/sw/x86_64/glibc-2.17/ivybridge-ep/gcc/5.3.0/lib/gcc/x86_64-unknown-linux-gnu/5.3.0/../../../../lib64]
    arg [-L/lib/../lib64] ==> dir [/lib/../lib64]
    arg [-L/usr/lib/../lib64] ==> dir [/usr/lib/../lib64]
    arg [-L/opt/sw/x86_64/glibc-2.17/ivybridge-ep/boost/1.62.0/gcc/5.3/mpioff/1.0/python/3.4/lib] ==> dir [/opt/sw/x86_64/glibc-2.17/ivybridge-ep/boost/1.62.0/gcc/5.3/mpioff/1.0/python/3.4/lib]
    arg [-L/opt/sw/x86_64/glibc-2.17/ivybridge-ep/python/3.4.2/gcc/5.3/lib] ==> dir [/opt/sw/x86_64/glibc-2.17/ivybridge-ep/python/3.4.2/gcc/5.3/lib]
    arg [-L/lib64] ==> dir [/lib64]
    arg [-L/opt/sw/x86_64/glibc-2.17/ivybridge-ep/gcc/5.3.0//lib64] ==> dir [/opt/sw/x86_64/glibc-2.17/ivybridge-ep/gcc/5.3.0//lib64]
    arg [-L/opt/sw/x86_64/glibc-2.17/ivybridge-ep/gcc/5.3.0//lib] ==> dir [/opt/sw/x86_64/glibc-2.17/ivybridge-ep/gcc/5.3.0//lib]
    arg [-L/opt/slurm/current/lib] ==> dir [/opt/slurm/current/lib]
    arg [-L/opt/slurm/current/lib/slurm] ==> dir [/opt/slurm/current/lib/slurm]
    arg [-L/opt/sw/x86_64/glibc-2.17/ivybridge-ep/gcc/5.3.0/lib/gcc/x86_64-unknown-linux-gnu/5.3.0/../../..] ==> dir [/opt/sw/x86_64/glibc-2.17/ivybridge-ep/gcc/5.3.0/lib/gcc/x86_64-unknown-linux-gnu/5.3.0/../../..]
    arg [CMakeFiles/cmTC_9210b.dir/CMakeCCompilerABI.c.o] ==> ignore
    arg [-lgcc] ==> lib [gcc]
    arg [--as-needed] ==> ignore
    arg [-lgcc_s] ==> lib [gcc_s]
    arg [--no-as-needed] ==> ignore
    arg [-lc] ==> lib [c]
    arg [-lgcc] ==> lib [gcc]
    arg [--as-needed] ==> ignore
    arg [-lgcc_s] ==> lib [gcc_s]
    arg [--no-as-needed] ==> ignore
    arg [/opt/sw/x86_64/glibc-2.17/ivybridge-ep/gcc/5.3.0/lib/gcc/x86_64-unknown-linux-gnu/5.3.0/crtend.o] ==> ignore
    arg [/lib64/../lib64/crtn.o] ==> ignore
  remove lib [gcc]
  remove lib [gcc_s]
  remove lib [gcc]
  remove lib [gcc_s]
  collapse library dir [/lib64/../lib64] ==> [/lib64]
  collapse library dir [/lib/../lib64] ==> [/lib64]
  collapse library dir [/opt/sw/x86_64/glibc-2.17/ivybridge-ep/gcc/5.3.0//lib64/../lib64] ==> [/opt/sw/x86_64/glibc-2.17/ivybridge-ep/gcc/5.3.0/lib64]
  collapse library dir [/opt/sw/x86_64/glibc-2.17/ivybridge-ep/gcc/5.3.0//lib/../lib64] ==> [/opt/sw/x86_64/glibc-2.17/ivybridge-ep/gcc/5.3.0/lib64]
  collapse library dir [/opt/sw/x86_64/glibc-2.17/ivybridge-ep/gcc/5.3.0/lib/gcc/x86_64-unknown-linux-gnu/5.3.0] ==> [/opt/sw/x86_64/glibc-2.17/ivybridge-ep/gcc/5.3.0/lib/gcc/x86_64-unknown-linux-gnu/5.3.0]
  collapse library dir [/opt/sw/x86_64/glibc-2.17/ivybridge-ep/gcc/5.3.0/lib/gcc/x86_64-unknown-linux-gnu/5.3.0/../../../../lib64] ==> [/opt/sw/x86_64/glibc-2.17/ivybridge-ep/gcc/5.3.0/lib64]
  collapse library dir [/lib/../lib64] ==> [/lib64]
  collapse library dir [/usr/lib/../lib64] ==> [/usr/lib64]
  collapse library dir [/opt/sw/x86_64/glibc-2.17/ivybridge-ep/boost/1.62.0/gcc/5.3/mpioff/1.0/python/3.4/lib] ==> [/opt/sw/x86_64/glibc-2.17/ivybridge-ep/boost/1.62.0/gcc/5.3/mpioff/1.0/python/3.4/lib]
  collapse library dir [/opt/sw/x86_64/glibc-2.17/ivybridge-ep/python/3.4.2/gcc/5.3/lib] ==> [/opt/sw/x86_64/glibc-2.17/ivybridge-ep/python/3.4.2/gcc/5.3/lib]
  collapse library dir [/lib64] ==> [/lib64]
  collapse library dir [/opt/sw/x86_64/glibc-2.17/ivybridge-ep/gcc/5.3.0//lib64] ==> [/opt/sw/x86_64/glibc-2.17/ivybridge-ep/gcc/5.3.0/lib64]
  collapse library dir [/opt/sw/x86_64/glibc-2.17/ivybridge-ep/gcc/5.3.0//lib] ==> [/opt/sw/x86_64/glibc-2.17/ivybridge-ep/gcc/5.3.0/lib]
  collapse library dir [/opt/slurm/current/lib] ==> [/opt/slurm/current/lib]
  collapse library dir [/opt/slurm/current/lib/slurm] ==> [/opt/slurm/current/lib/slurm]
  collapse library dir [/opt/sw/x86_64/glibc-2.17/ivybridge-ep/gcc/5.3.0/lib/gcc/x86_64-unknown-linux-gnu/5.3.0/../../..] ==> [/opt/sw/x86_64/glibc-2.17/ivybridge-ep/gcc/5.3.0/lib]
  implicit libs: [c]
  implicit dirs: [/lib64;/opt/sw/x86_64/glibc-2.17/ivybridge-ep/gcc/5.3.0/lib64;/opt/sw/x86_64/glibc-2.17/ivybridge-ep/gcc/5.3.0/lib/gcc/x86_64-unknown-linux-gnu/5.3.0;/usr/lib64;/opt/sw/x86_64/glibc-2.17/ivybridge-ep/boost/1.62.0/gcc/5.3/mpioff/1.0/python/3.4/lib;/opt/sw/x86_64/glibc-2.17/ivybridge-ep/python/3.4.2/gcc/5.3/lib;/opt/sw/x86_64/glibc-2.17/ivybridge-ep/gcc/5.3.0/lib;/opt/slurm/current/lib;/opt/slurm/current/lib/slurm]
  implicit fwks: []




Detecting C [-std=c11] compiler features compiled with the following output:
Change Dir: /home/lv70977/veie/HPX_project/cluster/2D_stencil/build/CMakeFiles/CMakeTmp

Run Build Command:"/bin/gmake" "cmTC_2d367/fast"
/bin/gmake -f CMakeFiles/cmTC_2d367.dir/build.make CMakeFiles/cmTC_2d367.dir/build
gmake[1]: Entering directory `/home/lv70977/veie/HPX_project/cluster/2D_stencil/build/CMakeFiles/CMakeTmp'
Building C object CMakeFiles/cmTC_2d367.dir/feature_tests.c.o
/opt/sw/x86_64/glibc-2.17/ivybridge-ep/gcc/5.3.0/bin/gcc    -std=c11 -o CMakeFiles/cmTC_2d367.dir/feature_tests.c.o   -c /home/lv70977/veie/HPX_project/cluster/2D_stencil/build/CMakeFiles/feature_tests.c
Linking C executable cmTC_2d367
/opt/sw/x86_64/glibc-2.17/ivybridge-ep/cmake/3.6.2/gcc/5.3/bin/cmake -E cmake_link_script CMakeFiles/cmTC_2d367.dir/link.txt --verbose=1
/opt/sw/x86_64/glibc-2.17/ivybridge-ep/gcc/5.3.0/bin/gcc       CMakeFiles/cmTC_2d367.dir/feature_tests.c.o  -o cmTC_2d367 -rdynamic 
gmake[1]: Leaving directory `/home/lv70977/veie/HPX_project/cluster/2D_stencil/build/CMakeFiles/CMakeTmp'


    Feature record: C_FEATURE:1c_function_prototypes
    Feature record: C_FEATURE:1c_restrict
    Feature record: C_FEATURE:1c_static_assert
    Feature record: C_FEATURE:1c_variadic_macros


Detecting C [-std=c99] compiler features compiled with the following output:
Change Dir: /home/lv70977/veie/HPX_project/cluster/2D_stencil/build/CMakeFiles/CMakeTmp

Run Build Command:"/bin/gmake" "cmTC_fcab9/fast"
/bin/gmake -f CMakeFiles/cmTC_fcab9.dir/build.make CMakeFiles/cmTC_fcab9.dir/build
gmake[1]: Entering directory `/home/lv70977/veie/HPX_project/cluster/2D_stencil/build/CMakeFiles/CMakeTmp'
Building C object CMakeFiles/cmTC_fcab9.dir/feature_tests.c.o
/opt/sw/x86_64/glibc-2.17/ivybridge-ep/gcc/5.3.0/bin/gcc    -std=c99 -o CMakeFiles/cmTC_fcab9.dir/feature_tests.c.o   -c /home/lv70977/veie/HPX_project/cluster/2D_stencil/build/CMakeFiles/feature_tests.c
Linking C executable cmTC_fcab9
/opt/sw/x86_64/glibc-2.17/ivybridge-ep/cmake/3.6.2/gcc/5.3/bin/cmake -E cmake_link_script CMakeFiles/cmTC_fcab9.dir/link.txt --verbose=1
/opt/sw/x86_64/glibc-2.17/ivybridge-ep/gcc/5.3.0/bin/gcc       CMakeFiles/cmTC_fcab9.dir/feature_tests.c.o  -o cmTC_fcab9 -rdynamic 
gmake[1]: Leaving directory `/home/lv70977/veie/HPX_project/cluster/2D_stencil/build/CMakeFiles/CMakeTmp'


    Feature record: C_FEATURE:1c_function_prototypes
    Feature record: C_FEATURE:1c_restrict
    Feature record: C_FEATURE:0c_static_assert
    Feature record: C_FEATURE:1c_variadic_macros


Detecting C [-std=c90] compiler features compiled with the following output:
Change Dir: /home/lv70977/veie/HPX_project/cluster/2D_stencil/build/CMakeFiles/CMakeTmp

Run Build Command:"/bin/gmake" "cmTC_69b8b/fast"
/bin/gmake -f CMakeFiles/cmTC_69b8b.dir/build.make CMakeFiles/cmTC_69b8b.dir/build
gmake[1]: Entering directory `/home/lv70977/veie/HPX_project/cluster/2D_stencil/build/CMakeFiles/CMakeTmp'
Building C object CMakeFiles/cmTC_69b8b.dir/feature_tests.c.o
/opt/sw/x86_64/glibc-2.17/ivybridge-ep/gcc/5.3.0/bin/gcc    -std=c90 -o CMakeFiles/cmTC_69b8b.dir/feature_tests.c.o   -c /home/lv70977/veie/HPX_project/cluster/2D_stencil/build/CMakeFiles/feature_tests.c
Linking C executable cmTC_69b8b
/opt/sw/x86_64/glibc-2.17/ivybridge-ep/cmake/3.6.2/gcc/5.3/bin/cmake -E cmake_link_script CMakeFiles/cmTC_69b8b.dir/link.txt --verbose=1
/opt/sw/x86_64/glibc-2.17/ivybridge-ep/gcc/5.3.0/bin/gcc       CMakeFiles/cmTC_69b8b.dir/feature_tests.c.o  -o cmTC_69b8b -rdynamic 
gmake[1]: Leaving directory `/home/lv70977/veie/HPX_project/cluster/2D_stencil/build/CMakeFiles/CMakeTmp'


    Feature record: C_FEATURE:1c_function_prototypes
    Feature record: C_FEATURE:0c_restrict
    Feature record: C_FEATURE:0c_static_assert
    Feature record: C_FEATURE:0c_variadic_macros
